<?xml version="1.0" encoding="UTF-8"?>
<!-- Generated by org.testng.reporters.JUnitXMLReporter -->
<testsuite ignored="0" hostname="Fazil" failures="0" tests="4" name="Test" time="8.565" errors="0" timestamp="2026-06-25T15:55:59 IST">
  <testcase classname="api.test.UserTests" name="postUser" time="2.714"/>
  <testcase classname="api.test.UserTests" name="getUser" time="1.413"/>
  <testcase classname="api.test.UserTests" name="updateUser" time="2.789"/>
  <testcase classname="api.test.UserTests" name="deleteUser" time="1.377"/>
</testsuite> <!-- Test -->
