<?xml version="1.0" encoding="UTF-8"?>
<testng-results ignored="0" total="4" passed="4" failed="0" skipped="0">
  <reporter-output>
  </reporter-output>
  <suite started-at="2026-06-25T15:55:50 IST" name="Suite" finished-at="2026-06-25T15:55:59 IST" duration-ms="8565">
    <groups>
    </groups>
    <test started-at="2026-06-25T15:55:50 IST" name="Test" finished-at="2026-06-25T15:55:59 IST" duration-ms="8565">
      <class name="api.test.UserTests">
        <test-method is-config="true" signature="setupdata()[pri:0, instance:api.test.UserTests@5c1bd44c]" started-at="2026-06-25T15:55:50 IST" name="setupdata" finished-at="2026-06-25T15:55:50 IST" duration-ms="116" status="PASS">
          <reporter-output>
          </reporter-output>
        </test-method> <!-- setupdata -->
        <test-method signature="postUser()[pri:1, instance:api.test.UserTests@5c1bd44c]" started-at="2026-06-25T15:55:50 IST" name="postUser" finished-at="2026-06-25T15:55:53 IST" duration-ms="2714" status="PASS">
          <reporter-output>
          </reporter-output>
        </test-method> <!-- postUser -->
        <test-method signature="getUser()[pri:2, instance:api.test.UserTests@5c1bd44c]" started-at="2026-06-25T15:55:53 IST" name="getUser" finished-at="2026-06-25T15:55:55 IST" duration-ms="1413" status="PASS">
          <reporter-output>
          </reporter-output>
        </test-method> <!-- getUser -->
        <test-method signature="updateUser()[pri:3, instance:api.test.UserTests@5c1bd44c]" started-at="2026-06-25T15:55:55 IST" name="updateUser" finished-at="2026-06-25T15:55:57 IST" duration-ms="2789" status="PASS">
          <reporter-output>
          </reporter-output>
        </test-method> <!-- updateUser -->
        <test-method signature="deleteUser()[pri:4, instance:api.test.UserTests@5c1bd44c]" started-at="2026-06-25T15:55:57 IST" name="deleteUser" finished-at="2026-06-25T15:55:59 IST" duration-ms="1377" status="PASS">
          <reporter-output>
          </reporter-output>
        </test-method> <!-- deleteUser -->
      </class> <!-- api.test.UserTests -->
    </test> <!-- Test -->
  </suite> <!-- Suite -->
</testng-results>
