<?xml version="1.0" encoding="UTF-8"?>
<!-- Generated by org.testng.reporters.JUnitXMLReporter -->
<testsuite ignored="0" hostname="Fazil" failures="0" tests="10" name="Default test" time="16.36" errors="0" timestamp="2026-06-25T15:07:56 IST">
  <testcase classname="api.test.DataDrivenTests" name="postUser" time="2.748"/>
  <testcase classname="api.test.DataDrivenTests" name="postUser" time="1.371"/>
  <testcase classname="api.test.DataDrivenTests" name="postUser" time="1.408"/>
  <testcase classname="api.test.DataDrivenTests" name="postUser" time="1.39"/>
  <testcase classname="api.test.DataDrivenTests" name="postUser" time="1.354"/>
  <testcase classname="api.test.DataDrivenTests" name="deleteUser" time="1.451"/>
  <testcase classname="api.test.DataDrivenTests" name="deleteUser" time="1.389"/>
  <testcase classname="api.test.DataDrivenTests" name="deleteUser" time="1.386"/>
  <testcase classname="api.test.DataDrivenTests" name="deleteUser" time="1.341"/>
  <testcase classname="api.test.DataDrivenTests" name="deleteUser" time="1.386"/>
</testsuite> <!-- Default test -->
