<?xml version="1.0" encoding="UTF-8"?>
<!-- Generated by org.testng.reporters.JUnitReportReporter -->
<testsuite hostname="Fazil" failures="0" tests="4" name="testCases.TC03_LoginDDT" time="24.911" errors="0" timestamp="2026-05-05T16:49:22 IST" skipped="0">
  <testcase classname="testCases.TC03_LoginDDT" name="verify_loginDDT" time="3.638"/>
  <testcase classname="testCases.TC03_LoginDDT" name="verify_loginDDT" time="4.961"/>
  <testcase classname="testCases.TC03_LoginDDT" name="verify_loginDDT" time="4.128"/>
  <testcase classname="testCases.TC03_LoginDDT" name="verify_loginDDT" time="12.184"/>
</testsuite> <!-- testCases.TC03_LoginDDT -->
