<?xml version="1.0" encoding="UTF-8"?>
<!-- Generated by org.testng.reporters.JUnitXMLReporter -->
<testsuite ignored="0" hostname="Fazil" failures="1" tests="1" name="ChromeTest(failed)" time="18.062" errors="0" timestamp="2026-05-05T18:40:13 IST">
  <testcase classname="testCases.TC02_LoginTest" name="verifyLogin" time="13.224">
    <failure type="java.lang.AssertionError" message="Login failed expected [true] but found [false]">
      <![CDATA[java.lang.AssertionError: Login failed expected [true] but found [false]
at testCases.TC02_LoginTest.verifyLogin(TC02_LoginTest.java:29)
at java.base/java.util.ArrayList.forEach(ArrayList.java:1596)
... Removed 31 stack frames]]>
    </failure>
  </testcase> <!-- verifyLogin -->
</testsuite> <!-- ChromeTest(failed) -->
