<?xml version="1.0" encoding="UTF-8"?>
<!-- Generated by org.testng.reporters.JUnitReportReporter -->
<testsuite hostname="Fazil" failures="0" tests="10" name="api.test.DataDrivenTests" time="15.224" errors="0" timestamp="2026-06-25T15:07:56 IST" skipped="0">
  <testcase classname="api.test.DataDrivenTests" name="postUser" time="1.354"/>
  <testcase classname="api.test.DataDrivenTests" name="postUser" time="1.390"/>
  <testcase classname="api.test.DataDrivenTests" name="postUser" time="1.371"/>
  <testcase classname="api.test.DataDrivenTests" name="postUser" time="1.408"/>
  <testcase classname="api.test.DataDrivenTests" name="postUser" time="2.748"/>
  <testcase classname="api.test.DataDrivenTests" name="deleteUser" time="1.341"/>
  <testcase classname="api.test.DataDrivenTests" name="deleteUser" time="1.389"/>
  <testcase classname="api.test.DataDrivenTests" name="deleteUser" time="1.386"/>
  <testcase classname="api.test.DataDrivenTests" name="deleteUser" time="1.451"/>
  <testcase classname="api.test.DataDrivenTests" name="deleteUser" time="1.386"/>
</testsuite> <!-- api.test.DataDrivenTests -->
