<?xml version="1.0" encoding="UTF-8"?>
<!-- Generated by org.testng.reporters.JUnitReportReporter -->
<testsuite hostname="Fazil" failures="0" tests="4" name="api.test.UserTests" time="8.293" errors="0" timestamp="2026-06-25T15:55:59 IST" skipped="0">
  <testcase classname="api.test.UserTests" name="postUser" time="2.714"/>
  <testcase classname="api.test.UserTests" name="getUser" time="1.413"/>
  <testcase classname="api.test.UserTests" name="updateUser" time="2.789"/>
  <testcase classname="api.test.UserTests" name="deleteUser" time="1.377"/>
</testsuite> <!-- api.test.UserTests -->
